<?xml version="1.0" encoding="UTF-8"?>
<!-- Generated by org.testng.reporters.JUnitReportReporter -->
<testsuite hostname="DESKTOP-QED19D2" failures="0" tests="1" name="com.salesforce.test.basetest.BaseTest1" time="7.362" errors="0" timestamp="2022-09-26T19:02:14 PDT" skipped="0">
  <testcase classname="com.salesforce.test.basetest.BaseTest1" name="loginToSalesforce" time="7.362"/>
  <system-out/>
</testsuite> <!-- com.salesforce.test.basetest.BaseTest1 -->
